<?xml version="1.0" encoding="UTF-8"?>
<!-- Generated by org.testng.reporters.JUnitXMLReporter -->
<testsuite hostname="CATORMAC053" ignored="0" name="MagicMouse - QA Firefox" tests="7" failures="0" timestamp="29 Nov 2018 05:18:31 GMT" time="0.12" errors="0">
  <testcase name="@BeforeSuite setupBeforeSuite" time="0.0" classname="test.java.TestRunner">
    <failure type="org.testng.TestNGException" message="
Parameter &amp;apos;browser&amp;apos; is required by BeforeSuite on method setupBeforeSuite but has not been marked @Optional or defined
in /Users/igor/Documents/GitHub/magicmouse/testngFirefoxRun.xml">
      <![CDATA[org.testng.TestNGException: 
Parameter 'browser' is required by BeforeSuite on method setupBeforeSuite but has not been marked @Optional or defined
in /Users/igor/Documents/GitHub/magicmouse/testngFirefoxRun.xml
... Removed 16 stack frames]]>
    </failure>
  </testcase> <!-- @BeforeSuite setupBeforeSuite -->
  <testcase name="launchSite" time="0.0" classname="test.java.TestRunner">
    <skipped/>
  </testcase> <!-- launchSite -->
  <testcase name="selectAccessories" time="0.0" classname="test.java.TestRunner">
    <skipped/>
  </testcase> <!-- selectAccessories -->
  <testcase name="addMagicMouseToCart" time="0.0" classname="test.java.TestRunner">
    <skipped/>
  </testcase> <!-- addMagicMouseToCart -->
  <testcase name="checkoutAndConfirmMagicMouse" time="0.0" classname="test.java.TestRunner">
    <skipped/>
  </testcase> <!-- checkoutAndConfirmMagicMouse -->
  <testcase name="clickOnContinue" time="0.0" classname="test.java.TestRunner">
    <skipped/>
  </testcase> <!-- clickOnContinue -->
  <testcase name="enterBillDataAndPurchase" time="0.0" classname="test.java.TestRunner">
    <skipped/>
  </testcase> <!-- enterBillDataAndPurchase -->
  <testcase name="confirmOrder" time="0.0" classname="test.java.TestRunner">
    <skipped/>
  </testcase> <!-- confirmOrder -->
</testsuite> <!-- MagicMouse - QA Firefox -->
